c:\users\dell\desktop\competition\competition\debug\vc142.pdb
c:\users\dell\desktop\competition\competition\debug\vc142.idb
c:\users\dell\desktop\competition\competition\debug\main.obj
c:\users\dell\desktop\competition\competition\debug\linkedliststack.obj
c:\users\dell\desktop\competition\debug\competition.exe
c:\users\dell\desktop\competition\competition\debug\competition.ilk
c:\users\dell\desktop\competition\debug\competition.pdb
c:\users\dell\documents\github\undo\competition\competition\debug\linkedliststack.obj
c:\users\dell\documents\github\undo\competition\competition\debug\main.obj
c:\users\dell\documents\github\undo\competition\competition\debug\competition.ilk
c:\users\dell\documents\github\undo\competition\competition\debug\vc142.idb
c:\users\dell\documents\github\undo\competition\competition\debug\vc142.pdb
c:\users\dell\documents\github\undo\competition\debug\competition.pdb
c:\users\dell\documents\github\undo\competition\debug\competition.exe
c:\users\dell\documents\github\undo\competition\competition\debug\competition.tlog\cl.command.1.tlog
c:\users\dell\documents\github\undo\competition\competition\debug\competition.tlog\cl.read.1.tlog
c:\users\dell\documents\github\undo\competition\competition\debug\competition.tlog\cl.write.1.tlog
c:\users\dell\documents\github\undo\competition\competition\debug\competition.tlog\link.command.1.tlog
c:\users\dell\documents\github\undo\competition\competition\debug\competition.tlog\link.read.1.tlog
c:\users\dell\documents\github\undo\competition\competition\debug\competition.tlog\link.write.1.tlog
